<?xml version="1.0" encoding="UTF-8"?>
<testng-results skipped="0" failed="0" total="1" passed="1">
  <reporter-output>
  </reporter-output>
  <suite name="Default suite" duration-ms="13343" started-at="2021-01-18T10:37:26Z" finished-at="2021-01-18T10:37:39Z">
    <groups>
    </groups>
    <test name="Default test" duration-ms="13343" started-at="2021-01-18T10:37:26Z" finished-at="2021-01-18T10:37:39Z">
      <class name="com.sogeti.regressiontests.ContactUsForm">
        <test-method status="PASS" signature="beforeClass()[pri:0, instance:com.sogeti.regressiontests.ContactUsForm@57829d67]" name="beforeClass" is-config="true" duration-ms="5429" started-at="2021-01-18T11:37:26Z" finished-at="2021-01-18T11:37:31Z">
          <reporter-output>
          </reporter-output>
        </test-method> <!-- beforeClass -->
        <test-method status="PASS" signature="TestCase2()[pri:0, instance:com.sogeti.regressiontests.ContactUsForm@57829d67]" name="TestCase2" duration-ms="7694" started-at="2021-01-18T11:37:31Z" finished-at="2021-01-18T11:37:39Z">
          <reporter-output>
          </reporter-output>
        </test-method> <!-- TestCase2 -->
        <test-method status="PASS" signature="afterClass()[pri:0, instance:com.sogeti.regressiontests.ContactUsForm@57829d67]" name="afterClass" is-config="true" duration-ms="202" started-at="2021-01-18T11:37:39Z" finished-at="2021-01-18T11:37:39Z">
          <reporter-output>
          </reporter-output>
        </test-method> <!-- afterClass -->
      </class> <!-- com.sogeti.regressiontests.ContactUsForm -->
    </test> <!-- Default test -->
  </suite> <!-- Default suite -->
</testng-results>
